0 info it worked if it ends with ok
1 verbose cli [ '/usr/local/bin/node', '/usr/local/bin/npm', 'run', 'gh-pages' ]
2 info using npm@4.1.2
3 info using node@v7.5.0
4 verbose run-script [ 'pregh-pages', 'gh-pages', 'postgh-pages' ]
5 info lifecycle random_quote_generator@1.0.0~pregh-pages: random_quote_generator@1.0.0
6 silly lifecycle random_quote_generator@1.0.0~pregh-pages: no script for pregh-pages, continuing
7 info lifecycle random_quote_generator@1.0.0~gh-pages: random_quote_generator@1.0.0
8 verbose lifecycle random_quote_generator@1.0.0~gh-pages: unsafe-perm in lifecycle true
9 verbose lifecycle random_quote_generator@1.0.0~gh-pages: PATH: /usr/local/lib/node_modules/npm/bin/node-gyp-bin:/Users/danielsousa/Desktop/freecodecamp/Front_End/Intermediate/random_quote_generator/node_modules/.bin:/opt/local/bin:/opt/local/sbin:/usr/local/bin:/usr/bin:/bin:/usr/sbin:/sbin
10 verbose lifecycle random_quote_generator@1.0.0~gh-pages: CWD: /Users/danielsousa/Desktop/freecodecamp/Front_End/Intermediate/random_quote_generator
11 silly lifecycle random_quote_generator@1.0.0~gh-pages: Args: [ '-c', 'git push origin gh-pages' ]
12 silly lifecycle random_quote_generator@1.0.0~gh-pages: Returned: code: 1  signal: null
13 info lifecycle random_quote_generator@1.0.0~gh-pages: Failed to exec gh-pages script
14 verbose stack Error: random_quote_generator@1.0.0 gh-pages: `git push origin gh-pages`
14 verbose stack Exit status 1
14 verbose stack     at EventEmitter.<anonymous> (/usr/local/lib/node_modules/npm/lib/utils/lifecycle.js:279:16)
14 verbose stack     at emitTwo (events.js:106:13)
14 verbose stack     at EventEmitter.emit (events.js:192:7)
14 verbose stack     at ChildProcess.<anonymous> (/usr/local/lib/node_modules/npm/lib/utils/spawn.js:40:14)
14 verbose stack     at emitTwo (events.js:106:13)
14 verbose stack     at ChildProcess.emit (events.js:192:7)
14 verbose stack     at maybeClose (internal/child_process.js:890:16)
14 verbose stack     at Process.ChildProcess._handle.onexit (internal/child_process.js:226:5)
15 verbose pkgid random_quote_generator@1.0.0
16 verbose cwd /Users/danielsousa/Desktop/freecodecamp/Front_End/Intermediate/random_quote_generator
17 error Darwin 16.4.0
18 error argv "/usr/local/bin/node" "/usr/local/bin/npm" "run" "gh-pages"
19 error node v7.5.0
20 error npm  v4.1.2
21 error code ELIFECYCLE
22 error random_quote_generator@1.0.0 gh-pages: `git push origin gh-pages`
22 error Exit status 1
23 error Failed at the random_quote_generator@1.0.0 gh-pages script 'git push origin gh-pages'.
23 error Make sure you have the latest version of node.js and npm installed.
23 error If you do, this is most likely a problem with the random_quote_generator package,
23 error not with npm itself.
23 error Tell the author that this fails on your system:
23 error     git push origin gh-pages
23 error You can get information on how to open an issue for this project with:
23 error     npm bugs random_quote_generator
23 error Or if that isn't available, you can get their info via:
23 error     npm owner ls random_quote_generator
23 error There is likely additional logging output above.
24 verbose exit [ 1, true ]
